This is pdfTeX, Version 3.141592653-2.6-1.40.26 (TeX Live 2025/dev/Debian) (preloaded format=pdflatex 2025.6.6)  8 JUN 2025 10:01
entering extended mode
 restricted \write18 enabled.
 %&-line parsing enabled.
**main.tex
(./main.tex
LaTeX2e <2024-11-01> patch level 2
L3 programming layer <2025-01-18>
(/usr/share/texlive/texmf-dist/tex/latex/base/report.cls
Document Class: report 2024/06/29 v1.4n Standard LaTeX document class
(/usr/share/texlive/texmf-dist/tex/latex/base/size12.clo
File: size12.clo 2024/06/29 v1.4n Standard LaTeX file (size option)
)
\c@part=\count196
\c@chapter=\count197
\c@section=\count198
\c@subsection=\count199
\c@subsubsection=\count266
\c@paragraph=\count267
\c@subparagraph=\count268
\c@figure=\count269
\c@table=\count270
\abovecaptionskip=\skip49
\belowcaptionskip=\skip50
\bibindent=\dimen141
)
(/usr/share/texlive/texmf-dist/tex/latex/base/fontenc.sty
Package: fontenc 2021/04/29 v2.0v Standard LaTeX package
)
(/usr/share/texlive/texmf-dist/tex/generic/babel/babel.sty
Package: babel 2025/02/14 v25.4 The multilingual framework for pdfLaTeX, LuaLaT
eX and XeLaTeX
\babel@savecnt=\count271
\U@D=\dimen142
\l@unhyphenated=\language5

(/usr/share/texlive/texmf-dist/tex/generic/babel/txtbabel.def)
\bbl@readstream=\read2
\bbl@dirlevel=\count272

(/usr/share/texlive/texmf-dist/tex/generic/babel-english/english.ldf
Language: english 2017/06/06 v3.3r English support from the babel system
Package babel Info: Hyphen rules for 'canadian' set to \l@english
(babel)             (\language0). Reported on input line 102.
Package babel Info: Hyphen rules for 'australian' set to \l@ukenglish
(babel)             (\language3). Reported on input line 105.
Package babel Info: Hyphen rules for 'newzealand' set to \l@ukenglish
(babel)             (\language3). Reported on input line 108.
))
(/usr/share/texlive/texmf-dist/tex/generic/babel/locale/en/babel-english.tex
Package babel Info: Importing font and identification data for english
(babel)             from babel-en.ini. Reported on input line 11.
)
(/usr/share/texlive/texmf-dist/tex/latex/natbib/natbib.sty
Package: natbib 2010/09/13 8.31b (PWD, AO)
\bibhang=\skip51
\bibsep=\skip52
LaTeX Info: Redefining \cite on input line 694.
\c@NAT@ctr=\count273
)
(/usr/share/texlive/texmf-dist/tex/latex/appendix/appendix.sty
Package: appendix 2020/02/08 v1.2c extra appendix facilities
\c@@pps=\count274
\c@@ppsavesec=\count275
\c@@ppsaveapp=\count276
)
(/usr/share/texlive/texmf-dist/tex/latex/tools/array.sty
Package: array 2024/10/17 v2.6g Tabular extension package (FMi)
\col@sep=\dimen143
\ar@mcellbox=\box52
\extrarowheight=\dimen144
\NC@list=\toks17
\extratabsurround=\skip53
\backup@length=\skip54
\ar@cellbox=\box53
)
(/usr/share/texlive/texmf-dist/tex/latex/etoolbox/etoolbox.sty
Package: etoolbox 2025/02/11 v2.5l e-TeX tools for LaTeX (JAW)
\etb@tempcnta=\count277
)
(/usr/share/texlive/texmf-dist/tex/latex/minted/minted.sty
Package: minted 2025/03/06 v3.6.0 Yet another Pygments shim for LaTeX

(/usr/share/texlive/texmf-dist/tex/generic/catchfile/catchfile.sty
Package: catchfile 2019/12/09 v1.8 Catch the contents of a file (HO)

(/usr/share/texlive/texmf-dist/tex/generic/infwarerr/infwarerr.sty
Package: infwarerr 2019/12/03 v1.5 Providing info/warning/error messages (HO)
)
(/usr/share/texlive/texmf-dist/tex/generic/ltxcmds/ltxcmds.sty
Package: ltxcmds 2023-12-04 v1.26 LaTeX kernel commands for general use (HO)
)
(/usr/share/texlive/texmf-dist/tex/generic/etexcmds/etexcmds.sty
Package: etexcmds 2019/12/15 v1.7 Avoid name clashes with e-TeX commands (HO)

(/usr/share/texlive/texmf-dist/tex/generic/iftex/iftex.sty
Package: iftex 2024/12/12 v1.0g TeX engine tests
)))
(/usr/share/texlive/texmf-dist/tex/latex/fvextra/fvextra.sty
Package: fvextra 2025/03/04 v1.12.0 fvextra - extensions and patches for fancyv
rb

(/usr/share/texlive/texmf-dist/tex/latex/fancyvrb/fancyvrb.sty
Package: fancyvrb 2024/01/20 4.5c verbatim text (tvz,hv)

(/usr/share/texlive/texmf-dist/tex/latex/graphics/keyval.sty
Package: keyval 2022/05/29 v1.15 key=value parser (DPC)
\KV@toks@=\toks18
)
\FV@CodeLineNo=\count278
\FV@InFile=\read3
\FV@TabBox=\box54
\c@FancyVerbLine=\count279
\FV@StepNumber=\count280
\FV@OutFile=\write3
)
(/usr/share/texlive/texmf-dist/tex/generic/pdftexcmds/pdftexcmds.sty
Package: pdftexcmds 2020-06-27 v0.33 Utility functions of pdfTeX for LuaTeX (HO
)
Package pdftexcmds Info: \pdf@primitive is available.
Package pdftexcmds Info: \pdf@ifprimitive is available.
Package pdftexcmds Info: \pdfdraftmode found.
)
(/usr/share/texlive/texmf-dist/tex/latex/upquote/upquote.sty
Package: upquote 2012/04/19 v1.3 upright-quote and grave-accent glyphs in verba
tim

(/usr/share/texlive/texmf-dist/tex/latex/base/textcomp.sty
Package: textcomp 2024/04/24 v2.1b Standard LaTeX package
))
(/usr/share/texlive/texmf-dist/tex/latex/lineno/lineno.sty
Package: lineno 2025/01/29 line numbers on paragraphs v5.4

(/usr/share/texlive/texmf-dist/tex/latex/kvoptions/kvoptions.sty
Package: kvoptions 2022-06-15 v3.15 Key value format for package options (HO)

(/usr/share/texlive/texmf-dist/tex/latex/kvsetkeys/kvsetkeys.sty
Package: kvsetkeys 2022-10-05 v1.19 Key value parser (HO)
))
\linenopenalty=\count281
\output=\toks19
\linenoprevgraf=\count282
\linenumbersep=\dimen145
\linenumberwidth=\dimen146
\c@linenumber=\count283
\c@pagewiselinenumber=\count284
\c@LN@truepage=\count285
\c@internallinenumber=\count286
\c@internallinenumbers=\count287
\quotelinenumbersep=\dimen147
\bframerule=\dimen148
\bframesep=\dimen149
\bframebox=\box55
LaTeX Info: Redefining \\ on input line 3187.
)
\c@FancyVerbWriteLine=\count288
\c@FancyVerbBufferLine=\count289
\c@FV@TrueTabGroupLevel=\count290
\c@FV@TrueTabCounter=\count291
\FV@TabBox@Group=\box56
\FV@bgcolorstructbox=\box57
\FV@TmpLength=\skip55
\c@FV@HighlightLinesStart=\count292
\c@FV@HighlightLinesStop=\count293
\FV@LoopCount=\count294
\FV@NCharsBox=\box58
\FV@BreakIndent=\dimen150
\FV@BreakIndentNChars=\count295
\FV@BreakSymbolSepLeft=\dimen151
\FV@BreakSymbolSepLeftNChars=\count296
\FV@BreakSymbolSepRight=\dimen152
\FV@BreakSymbolSepRightNChars=\count297
\FV@BreakSymbolIndentLeft=\dimen153
\FV@BreakSymbolIndentLeftNChars=\count298
\FV@BreakSymbolIndentRight=\dimen154
\FV@BreakSymbolIndentRightNChars=\count299
\c@FancyVerbLineBreakLast=\count300
\FV@LineBox=\box59
\FV@LineIndentBox=\box60
\c@FV@BreakBufferDepth=\count301
\FV@LineWidth=\dimen155
)
(/usr/share/texlive/texmf-dist/tex/latex/latex2pydata/latex2pydata.sty
Package: latex2pydata 2025/03/03 v0.5.0 latex2pydata - write data to file in Py
thon literal format
)
(/usr/share/texlive/texmf-dist/tex/latex/pgf/utilities/pgfkeys.sty
(/usr/share/texlive/texmf-dist/tex/generic/pgf/utilities/pgfkeys.code.tex
\pgfkeys@pathtoks=\toks20
\pgfkeys@temptoks=\toks21

(/usr/share/texlive/texmf-dist/tex/generic/pgf/utilities/pgfkeyslibraryfiltered
.code.tex
\pgfkeys@tmptoks=\toks22
))) (/usr/share/texlive/texmf-dist/tex/latex/pgfopts/pgfopts.sty
Package: pgfopts 2014/07/10 v2.1a LaTeX package options with pgfkeys
\pgfopts@list@add@a@toks=\toks23
\pgfopts@list@add@b@toks=\toks24
)
(/usr/share/texlive/texmf-dist/tex/latex/tools/shellesc.sty
Package: shellesc 2023/07/08 v1.0d unified shell escape interface for LaTeX
Package shellesc Info: Restricted shell escape enabled on input line 77.
)
(/usr/share/texlive/texmf-dist/tex/latex/float/float.sty
Package: float 2001/11/08 v1.3d Float enhancements (AL)
\c@float@type=\count302
\float@exts=\toks25
\float@box=\box61
\@float@everytoks=\toks26
\@floatcapt=\box62
)
\c@minted@FancyVerbLineTemp=\count303
\@float@every@listing=\toks27
\c@listing=\count304
)
(/usr/share/texlive/texmf-dist/tex/latex/graphics/graphicx.sty
Package: graphicx 2021/09/16 v1.2d Enhanced LaTeX Graphics (DPC,SPQR)

(/usr/share/texlive/texmf-dist/tex/latex/graphics/graphics.sty
Package: graphics 2024/08/06 v1.4g Standard LaTeX Graphics (DPC,SPQR)

(/usr/share/texlive/texmf-dist/tex/latex/graphics/trig.sty
Package: trig 2023/12/02 v1.11 sin cos tan (DPC)
)
(/usr/share/texlive/texmf-dist/tex/latex/graphics-cfg/graphics.cfg
File: graphics.cfg 2016/06/04 v1.11 sample graphics configuration
)
Package graphics Info: Driver file: pdftex.def on input line 106.

(/usr/share/texlive/texmf-dist/tex/latex/graphics-def/pdftex.def
File: pdftex.def 2024/04/13 v1.2c Graphics/color driver for pdftex
))
\Gin@req@height=\dimen156
\Gin@req@width=\dimen157
)
(/usr/share/texlive/texmf-dist/tex/latex/hyperref/hyperref.sty
Package: hyperref 2024-11-05 v7.01l Hypertext links for LaTeX

(/usr/share/texlive/texmf-dist/tex/generic/kvdefinekeys/kvdefinekeys.sty
Package: kvdefinekeys 2019-12-19 v1.6 Define keys (HO)
)
(/usr/share/texlive/texmf-dist/tex/generic/pdfescape/pdfescape.sty
Package: pdfescape 2019/12/09 v1.15 Implements pdfTeX's escape features (HO)
)
(/usr/share/texlive/texmf-dist/tex/latex/hycolor/hycolor.sty
Package: hycolor 2020-01-27 v1.10 Color options for hyperref/bookmark (HO)
)
(/usr/share/texlive/texmf-dist/tex/latex/hyperref/nameref.sty
Package: nameref 2023-11-26 v2.56 Cross-referencing by name of section

(/usr/share/texlive/texmf-dist/tex/latex/refcount/refcount.sty
Package: refcount 2019/12/15 v3.6 Data extraction from label references (HO)
)
(/usr/share/texlive/texmf-dist/tex/generic/gettitlestring/gettitlestring.sty
Package: gettitlestring 2019/12/15 v1.6 Cleanup title references (HO)
)
\c@section@level=\count305
)
(/usr/share/texlive/texmf-dist/tex/generic/stringenc/stringenc.sty
Package: stringenc 2019/11/29 v1.12 Convert strings between diff. encodings (HO
)
)
\@linkdim=\dimen158
\Hy@linkcounter=\count306
\Hy@pagecounter=\count307

(/usr/share/texlive/texmf-dist/tex/latex/hyperref/pd1enc.def
File: pd1enc.def 2024-11-05 v7.01l Hyperref: PDFDocEncoding definition (HO)
Now handling font encoding PD1 ...
... no UTF-8 mapping file for font encoding PD1
)
(/usr/share/texlive/texmf-dist/tex/generic/intcalc/intcalc.sty
Package: intcalc 2019/12/15 v1.3 Expandable calculations with integers (HO)
)
\Hy@SavedSpaceFactor=\count308

(/usr/share/texlive/texmf-dist/tex/latex/hyperref/puenc.def
File: puenc.def 2024-11-05 v7.01l Hyperref: PDF Unicode definition (HO)
Now handling font encoding PU ...
... no UTF-8 mapping file for font encoding PU
)
Package hyperref Info: Option `colorlinks' set `true' on input line 4040.
Package hyperref Info: Hyper figures OFF on input line 4157.
Package hyperref Info: Link nesting OFF on input line 4162.
Package hyperref Info: Hyper index ON on input line 4165.
Package hyperref Info: Plain pages OFF on input line 4172.
Package hyperref Info: Backreferencing OFF on input line 4177.
Package hyperref Info: Implicit mode ON; LaTeX internals redefined.
Package hyperref Info: Bookmarks ON on input line 4424.
\c@Hy@tempcnt=\count309

(/usr/share/texlive/texmf-dist/tex/latex/url/url.sty
\Urlmuskip=\muskip17
Package: url 2013/09/16  ver 3.4  Verb mode for urls, etc.
)
LaTeX Info: Redefining \url on input line 4763.
\XeTeXLinkMargin=\dimen159

(/usr/share/texlive/texmf-dist/tex/generic/bitset/bitset.sty
Package: bitset 2019/12/09 v1.3 Handle bit-vector datatype (HO)

(/usr/share/texlive/texmf-dist/tex/generic/bigintcalc/bigintcalc.sty
Package: bigintcalc 2019/12/15 v1.5 Expandable calculations on big integers (HO
)
))
\Fld@menulength=\count310
\Field@Width=\dimen160
\Fld@charsize=\dimen161
Package hyperref Info: Hyper figures OFF on input line 6042.
Package hyperref Info: Link nesting OFF on input line 6047.
Package hyperref Info: Hyper index ON on input line 6050.
Package hyperref Info: backreferencing OFF on input line 6057.
Package hyperref Info: Link coloring ON on input line 6060.
Package hyperref Info: Link coloring with OCG OFF on input line 6067.
Package hyperref Info: PDF/A mode OFF on input line 6072.

(/usr/share/texlive/texmf-dist/tex/latex/base/atbegshi-ltx.sty
Package: atbegshi-ltx 2021/01/10 v1.0c Emulation of the original atbegshi
package with kernel methods
)
\Hy@abspage=\count311
\c@Item=\count312
\c@Hfootnote=\count313
)
Package hyperref Info: Driver (autodetected): hpdftex.

(/usr/share/texlive/texmf-dist/tex/latex/hyperref/hpdftex.def
File: hpdftex.def 2024-11-05 v7.01l Hyperref driver for pdfTeX

(/usr/share/texlive/texmf-dist/tex/latex/base/atveryend-ltx.sty
Package: atveryend-ltx 2020/08/19 v1.0a Emulation of the original atveryend pac
kage
with kernel methods
)
\Fld@listcount=\count314
\c@bookmark@seq@number=\count315

(/usr/share/texlive/texmf-dist/tex/latex/rerunfilecheck/rerunfilecheck.sty
Package: rerunfilecheck 2022-07-10 v1.10 Rerun checks for auxiliary files (HO)

(/usr/share/texlive/texmf-dist/tex/generic/uniquecounter/uniquecounter.sty
Package: uniquecounter 2019/12/15 v1.4 Provide unlimited unique counter (HO)
)
Package uniquecounter Info: New unique counter `rerunfilecheck' on input line 2
85.
)
\Hy@SectionHShift=\skip56
)
(/usr/share/texlive/texmf-dist/tex/latex/cleveref/cleveref.sty
Package: cleveref 2018/03/27 v0.21.4 Intelligent cross-referencing
Package cleveref Info: `hyperref' support loaded on input line 2370.
LaTeX Info: Redefining \cref on input line 2370.
LaTeX Info: Redefining \Cref on input line 2370.
LaTeX Info: Redefining \crefrange on input line 2370.
LaTeX Info: Redefining \Crefrange on input line 2370.
LaTeX Info: Redefining \cpageref on input line 2370.
LaTeX Info: Redefining \Cpageref on input line 2370.
LaTeX Info: Redefining \cpagerefrange on input line 2370.
LaTeX Info: Redefining \Cpagerefrange on input line 2370.
LaTeX Info: Redefining \labelcref on input line 2370.
LaTeX Info: Redefining \labelcpageref on input line 2370.
Package cleveref Info: include cross-reference names in hyperlinks on input lin
e 7836.
Package cleveref Info: include cross-reference names in hyperlinks on input lin
e 7852.
Package cleveref Info: no abbreviation of names on input line 7852.
)
(/usr/share/texlive/texmf-dist/tex/latex/geometry/geometry.sty
Package: geometry 2020/01/02 v5.9 Page Geometry

(/usr/share/texlive/texmf-dist/tex/generic/iftex/ifvtex.sty
Package: ifvtex 2019/10/25 v1.7 ifvtex legacy package. Use iftex instead.
)
\Gm@cnth=\count316
\Gm@cntv=\count317
\c@Gm@tempcnt=\count318
\Gm@bindingoffset=\dimen162
\Gm@wd@mp=\dimen163
\Gm@odd@mp=\dimen164
\Gm@even@mp=\dimen165
\Gm@layoutwidth=\dimen166
\Gm@layoutheight=\dimen167
\Gm@layouthoffset=\dimen168
\Gm@layoutvoffset=\dimen169
\Gm@dimlist=\toks28
)
(/usr/share/texlive/texmf-dist/tex/latex/fancyhdr/fancyhdr.sty
Package: fancyhdr 2025/02/07 v5.2 Extensive control of page headers and footers

\f@nch@headwidth=\skip57
\f@nch@offset@elh=\skip58
\f@nch@offset@erh=\skip59
\f@nch@offset@olh=\skip60
\f@nch@offset@orh=\skip61
\f@nch@offset@elf=\skip62
\f@nch@offset@erf=\skip63
\f@nch@offset@olf=\skip64
\f@nch@offset@orf=\skip65
\f@nch@height=\skip66
\f@nch@footalignment=\skip67
\f@nch@widthL=\skip68
\f@nch@widthC=\skip69
\f@nch@widthR=\skip70
\@temptokenb=\toks29
)
(/usr/share/texlive/texmf-dist/tex/latex/caption/caption.sty
Package: caption 2023/08/05 v3.6o Customizing captions (AR)

(/usr/share/texlive/texmf-dist/tex/latex/caption/caption3.sty
Package: caption3 2023/07/31 v2.4d caption3 kernel (AR)
\caption@tempdima=\dimen170
\captionmargin=\dimen171
\caption@leftmargin=\dimen172
\caption@rightmargin=\dimen173
\caption@width=\dimen174
\caption@indent=\dimen175
\caption@parindent=\dimen176
\caption@hangindent=\dimen177
Package caption Info: Standard document class detected.
)
\c@caption@flags=\count319
\c@continuedfloat=\count320
Package caption Info: float package is loaded.
Package caption Info: hyperref package is loaded.
)
(/usr/share/texlive/texmf-dist/tex/latex/caption/subcaption.sty
Package: subcaption 2023/07/28 v1.6b Sub-captions (AR)
Package caption Info: New subtype `subfigure' on input line 238.
\c@subfigure=\count321
Package caption Info: New subtype `subtable' on input line 238.
\c@subtable=\count322
)
(/usr/share/texlive/texmf-dist/tex/latex/xcolor/xcolor.sty
Package: xcolor 2024/09/29 v3.02 LaTeX color extensions (UK)

(/usr/share/texlive/texmf-dist/tex/latex/graphics-cfg/color.cfg
File: color.cfg 2016/01/02 v1.6 sample color configuration
)
Package xcolor Info: Driver file: pdftex.def on input line 274.

(/usr/share/texlive/texmf-dist/tex/latex/graphics/mathcolor.ltx)
Package xcolor Info: Model `cmy' substituted by `cmy0' on input line 1349.
Package xcolor Info: Model `hsb' substituted by `rgb' on input line 1353.
Package xcolor Info: Model `RGB' extended on input line 1365.
Package xcolor Info: Model `HTML' substituted by `rgb' on input line 1367.
Package xcolor Info: Model `Hsb' substituted by `hsb' on input line 1368.
Package xcolor Info: Model `tHsb' substituted by `hsb' on input line 1369.
Package xcolor Info: Model `HSB' substituted by `hsb' on input line 1370.
Package xcolor Info: Model `Gray' substituted by `gray' on input line 1371.
Package xcolor Info: Model `wave' substituted by `hsb' on input line 1372.
)
(/usr/share/texlive/texmf-dist/tex/latex/l3backend/l3backend-pdftex.def
File: l3backend-pdftex.def 2024-05-08 L3 backend support: PDF output (pdfTeX)
\l__color_backend_stack_int=\count323
\l__pdf_internal_box=\box63
)
(./main.aux

LaTeX Warning: Label `fig:stud_age_dist' multiply defined.


LaTeX Warning: Label `fig:stud_age_dist@cref' multiply defined.


LaTeX Warning: Label `code:dataset_head' multiply defined.


LaTeX Warning: Label `code:dataset_head@cref' multiply defined.


LaTeX Warning: Label `code:dataset_head' multiply defined.


LaTeX Warning: Label `code:dataset_head@cref' multiply defined.


LaTeX Warning: Label `code:dataset_head' multiply defined.


LaTeX Warning: Label `code:dataset_head@cref' multiply defined.


LaTeX Warning: Label `code:dataset_head' multiply defined.


LaTeX Warning: Label `code:dataset_head@cref' multiply defined.


LaTeX Warning: Label `code:dataset_head' multiply defined.


LaTeX Warning: Label `code:dataset_head@cref' multiply defined.


LaTeX Warning: Label `code:grade_department' multiply defined.


LaTeX Warning: Label `code:grade_department@cref' multiply defined.

)
\openout1 = `main.aux'.

LaTeX Font Info:    Checking defaults for OML/cmm/m/it on input line 58.
LaTeX Font Info:    ... okay on input line 58.
LaTeX Font Info:    Checking defaults for OMS/cmsy/m/n on input line 58.
LaTeX Font Info:    ... okay on input line 58.
LaTeX Font Info:    Checking defaults for OT1/cmr/m/n on input line 58.
LaTeX Font Info:    ... okay on input line 58.
LaTeX Font Info:    Checking defaults for T1/cmr/m/n on input line 58.
LaTeX Font Info:    ... okay on input line 58.
LaTeX Font Info:    Checking defaults for TS1/cmr/m/n on input line 58.
LaTeX Font Info:    ... okay on input line 58.
LaTeX Font Info:    Checking defaults for OMX/cmex/m/n on input line 58.
LaTeX Font Info:    ... okay on input line 58.
LaTeX Font Info:    Checking defaults for U/cmr/m/n on input line 58.
LaTeX Font Info:    ... okay on input line 58.
LaTeX Font Info:    Checking defaults for PD1/pdf/m/n on input line 58.
LaTeX Font Info:    ... okay on input line 58.
LaTeX Font Info:    Checking defaults for PU/pdf/m/n on input line 58.
LaTeX Font Info:    ... okay on input line 58.
 (/usr/share/texlive/texmf-dist/tex/context/base/mkii/supp-pdf.mkii
[Loading MPS to PDF converter (version 2006.09.02).]
\scratchcounter=\count324
\scratchdimen=\dimen178
\scratchbox=\box64
\nofMPsegments=\count325
\nofMParguments=\count326
\everyMPshowfont=\toks30
\MPscratchCnt=\count327
\MPscratchDim=\dimen179
\MPnumerator=\count328
\makeMPintoPDFobject=\count329
\everyMPtoPDFconversion=\toks31
) (/usr/share/texlive/texmf-dist/tex/latex/epstopdf-pkg/epstopdf-base.sty
Package: epstopdf-base 2020-01-24 v2.11 Base part for package epstopdf
Package epstopdf-base Info: Redefining graphics rule for `.eps' on input line 4
85.

(/usr/share/texlive/texmf-dist/tex/latex/latexconfig/epstopdf-sys.cfg
File: epstopdf-sys.cfg 2010/07/13 v1.3 Configuration of (r)epstopdf for TeX Liv
e
))
Package hyperref Info: Link coloring ON on input line 58.

(./main.out) (./main.out)
\@outlinefile=\write4
\openout4 = `main.out'.


*geometry* driver: auto-detecting
*geometry* detected driver: pdftex
*geometry* verbose mode - [ preamble ] result:
* driver: pdftex
* paper: a4paper
* layout: <same size as paper>
* layoutoffset:(h,v)=(0.0pt,0.0pt)
* bindingoffset: 17.07164pt
* modes: twoside 
* h-part:(L,W,R)=(61.45795pt, 426.79134pt, 92.18695pt)
* v-part:(T,H,B)=(56.9055pt, 731.23584pt, 56.9055pt)
* \paperwidth=597.50787pt
* \paperheight=845.04684pt
* \textwidth=426.79134pt
* \textheight=731.23584pt
* \oddsidemargin=6.2596pt
* \evensidemargin=19.91696pt
* \topmargin=-52.36449pt
* \headheight=12.0pt
* \headsep=25.0pt
* \topskip=12.0pt
* \footskip=30.0pt
* \marginparwidth=85.0pt
* \marginparsep=10.0pt
* \columnsep=10.0pt
* \skip\footins=10.8pt plus 4.0pt minus 2.0pt
* \hoffset=0.0pt
* \voffset=0.0pt
* \mag=1000
* \@twocolumnfalse
* \@twosidetrue
* \@mparswitchtrue
* \@reversemarginfalse
* (1in=72.27pt=25.4mm, 1cm=28.453pt)

Package caption Info: Begin \AtBeginDocument code.
Package caption Info: End \AtBeginDocument code.
(./preliminaries/titlepage.tex

[1

{/home/njoku/.texlive2025/texmf-var/fonts/map/pdftex/updmap/pdftex.map}])
(./preliminaries/table_of_content.tex (./main.toc
Package cleveref Info: loaded `english' language definitions on input line 1.

Overfull \hbox (11.92761pt too wide) detected at line 2
\T1/cmr/bx/n/12 ONE 
 []


Overfull \hbox (15.46841pt too wide) detected at line 3
\T1/cmr/bx/n/12 TWO 
 []


Overfull \hbox (11.48184pt too wide) detected at line 4
\T1/cmr/m/n/12 TWO.1 
 []

LaTeX Font Info:    External font `cmex10' loaded for size
(Font)              <12> on input line 4.
LaTeX Font Info:    External font `cmex10' loaded for size
(Font)              <8> on input line 4.
LaTeX Font Info:    External font `cmex10' loaded for size
(Font)              <6> on input line 4.

Overfull \hbox (33.1015pt too wide) detected at line 5
\T1/cmr/bx/n/12 THREE  
 []


Overfull \hbox (26.6477pt too wide) detected at line 6
\T1/cmr/m/n/12 THREE .1 
 []


Overfull \hbox (26.6477pt too wide) detected at line 7
\T1/cmr/m/n/12 THREE .2 
 []


Overfull \hbox (26.6477pt too wide) detected at line 8
\T1/cmr/m/n/12 THREE .3 
 []


Overfull \hbox (26.6477pt too wide) detected at line 9
\T1/cmr/m/n/12 THREE .4 
 []


Overfull \hbox (26.6477pt too wide) detected at line 10
\T1/cmr/m/n/12 THREE .5 
 []


Overfull \hbox (26.6477pt too wide) detected at line 11
\T1/cmr/m/n/12 THREE .6 
 []


Overfull \hbox (26.6477pt too wide) detected at line 12
\T1/cmr/m/n/12 THREE .7 
 []


Overfull \hbox (21.06429pt too wide) detected at line 13
\T1/cmr/bx/n/12 FOUR 
 []


Overfull \hbox (16.04599pt too wide) detected at line 14
\T1/cmr/m/n/12 FOUR.1 
 []


Overfull \hbox (14.61029pt too wide) detected at line 15
\T1/cmr/m/n/12 FOUR.1.1 
 []


Overfull \hbox (14.61029pt too wide) detected at line 16
\T1/cmr/m/n/12 FOUR.1.2 
 []


Overfull \hbox (14.61029pt too wide) detected at line 17
\T1/cmr/m/n/12 FOUR.1.3 
 []


Overfull \hbox (14.61029pt too wide) detected at line 18
\T1/cmr/m/n/12 FOUR.1.4 
 []


Overfull \hbox (14.61029pt too wide) detected at line 19
\T1/cmr/m/n/12 FOUR.1.5 
 []


Overfull \hbox (14.61029pt too wide) detected at line 20
\T1/cmr/m/n/12 FOUR.1.6 
 []


Overfull \hbox (14.61029pt too wide) detected at line 21
\T1/cmr/m/n/12 FOUR.1.7 
 []


Overfull \hbox (14.61029pt too wide) detected at line 22
\T1/cmr/m/n/12 FOUR.1.8 
 []


Overfull \hbox (14.61029pt too wide) detected at line 23
\T1/cmr/m/n/12 FOUR.1.9 
 []


Overfull \hbox (20.48386pt too wide) detected at line 24
\T1/cmr/m/n/12 FOUR.1.10 
 []


Overfull \hbox (16.04599pt too wide) detected at line 25
\T1/cmr/m/n/12 FOUR.2 
 []


Overfull \hbox (14.61029pt too wide) detected at line 26
\T1/cmr/m/n/12 FOUR.2.1 
 []


Overfull \hbox (14.61029pt too wide) detected at line 27
\T1/cmr/m/n/12 FOUR.2.2 
 []


Overfull \hbox (14.61029pt too wide) detected at line 28
\T1/cmr/m/n/12 FOUR.2.3 
 []


Overfull \hbox (14.61029pt too wide) detected at line 29
\T1/cmr/m/n/12 FOUR.2.4 
 []


Overfull \hbox (14.9408pt too wide) detected at line 30
\T1/cmr/bx/n/12 FIVE 
 []


Overfull \hbox (10.82089pt too wide) detected at line 31
\T1/cmr/m/n/12 FIVE.1 
 []


Overfull \hbox (10.82089pt too wide) detected at line 32
\T1/cmr/m/n/12 FIVE.2 
 []


Overfull \hbox (9.3852pt too wide) detected at line 33
\T1/cmr/m/n/12 FIVE.2.1 
 []


Overfull \hbox (9.3852pt too wide) detected at line 34
\T1/cmr/m/n/12 FIVE.2.2 
 []


Overfull \hbox (9.3852pt too wide) detected at line 35
\T1/cmr/m/n/12 FIVE.2.3 
 []


Overfull \hbox (9.3852pt too wide) detected at line 36
\T1/cmr/m/n/12 FIVE.2.4 
 []


Overfull \hbox (9.3852pt too wide) detected at line 37
\T1/cmr/m/n/12 FIVE.2.5 
 []


Overfull \hbox (9.3852pt too wide) detected at line 38
\T1/cmr/m/n/12 FIVE.2.6 
 []


Overfull \hbox (9.3852pt too wide) detected at line 39
\T1/cmr/m/n/12 FIVE.2.7 
 []



[1

]
Overfull \hbox (9.3852pt too wide) detected at line 40
\T1/cmr/m/n/12 FIVE.2.8 
 []


Overfull \hbox (15.98914pt too wide) detected at line 41
\T1/cmr/bx/n/12 Many 
 []


Overfull \hbox (15.98914pt too wide) detected at line 42
\T1/cmr/bx/n/12 Many 
 []

)
\tf@toc=\write5
\openout5 = `main.toc'.

)

[2]
Chapter ONE.
(./chapters/tools.tex

Package natbib Warning: Citation `NumPyDocumentation' on page iii undefined on 
input line 6.


Package natbib Warning: Citation `PandasDocumentationPandas' on page iii undefi
ned on input line 8.


Package natbib Warning: Citation `GettingStartedPandas' on page iii undefined o
n input line 12.


Overfull \hbox (0.9391pt too wide) in paragraph at lines 12--13
[]\T1/cmr/m/n/12 Matplotlib - Mat-plotlib is a vi-su-al-iza-tion li-brary com-m
only used in python
 []


Package natbib Warning: Citation `IntroductionSeabornSeaborn' on page iii undef
ined on input line 13.

)


pdfTeX warning (ext4): destination with the same identifier (name{page.1}) has 
been already used, duplicate ignored
<to be read again> 
                   \relax 
l.73 	\chapter
              {Dataset} [1


]
Chapter TWO.
(./chapters/import_libraries.tex

Package natbib Warning: Citation `StudentPerformanceBehavior' on page 2 undefin
ed on input line 3.


Overfull \hbox (2.71645pt too wide) in paragraph at lines 14--15
[]\T1/cmr/bx/n/12 Department: Stu-dent's de-part-ment (e.g., CS, En-gi-neer-ing
, Busi-
 []



[2

])

[3]
Chapter THREE .
(./chapters/preprocessing.tex
Underfull \hbox (badness 10000) in paragraph at lines 1--3

 []

\pydata@fh@_FAD58DE7366495DB4650CFEFAC2FCD61.data.minted=\write6
\openout6 = `_FAD58DE7366495DB4650CFEFAC2FCD61.data.minted'.

runsystem(latexminted config  --timestamp 20250608100114 FAD58DE7366495DB4650CF
EFAC2FCD61)...executed safely (allowed).

(./_FAD58DE7366495DB4650CFEFAC2FCD61.config.minted)
runsystem(latexminted cleanconfig  --timestamp 20250608100114 FAD58DE7366495DB4
650CFEFAC2FCD61)...executed safely (allowed).


(./_minted/default.style.minted)
(./_minted/9001891649CF3A3748DF9755DE8DCD35.highlight.minted
LaTeX Font Info:    Font shape `T1/cmtt/bx/n' in size <12> not available
(Font)              Font shape `T1/cmtt/m/n' tried instead on input line 1.
LaTeX Font Info:    Font shape `T1/cmtt/bx/it' in size <12> not available
(Font)              Font shape `T1/cmtt/m/it' tried instead on input line 2.
)

[4

] (./_minted/1F35CE3954FA77BF46FFEC0EB320049D.highlight.minted)

LaTeX Warning: Reference `fig:desc_stat' on page 5 undefined on input line 38.


LaTeX Warning: Reference `fig:inconsistent_grades' on page 5 undefined on input
 line 41.



[5] (./_minted/340A00FB12BA0AE23C0C9330FA53FB23.highlight.minted
Overfull \hbox (340.80455pt too wide) in paragraph at lines 6--6
\T1/cmtt/m/it/12 https://www.mastersportal.com/articles/2290/how[]to[]convert[]
uk[]grades[]for[]masters[]degrees[]in[]other[]countries.html[]|  
 []

LaTeX Font Info:    Font shape `T1/cmtt/bx/n' in size <6> not available
(Font)              Font shape `T1/cmtt/m/n' tried instead on input line 6.
LaTeX Font Info:    External font `cmex10' loaded for size
(Font)              <5> on input line 6.

LaTeX Font Warning: Font shape `TS1/cmtt/bx/n' undefined
(Font)              using `TS1/cmtt/m/n' instead
(Font)              for symbol `textquotesingle' on input line 26.


LaTeX Font Warning: Font shape `TS1/cmtt/bx/it' undefined
(Font)              using `TS1/cmtt/bx/n' instead
(Font)              for symbol `textquotesingle' on input line 28.



[6])

LaTeX Warning: Reference `fig:sample_grade_corrected' on page 7 undefined on in
put line 93.

)

[7]
Chapter FOUR.
(./chapters/eda.tex
(./_minted/8E6269C29F9A6E5DCBDDF38B5884E359.highlight.minted)
(./_minted/0CF0AAEECFB46738E158C820D2C151E5.highlight.minted

[8

]) (./_minted/78AD4F7457776FF9A883BA300491EDAF.highlight.minted)
(./_minted/D8F1B6DDB0ECDF6D07D5E26ABCE00D09.highlight.minted

[9])

Package natbib Warning: Citation `article' on page 10 undefined on input line 8
1.

(./_minted/B0C860B2DF871C76076F9322BA21CC74.highlight.minted)

LaTeX Warning: Reference `fig:income_level' on page 10 undefined on input line 
98.

(./_minted/2DB01892FC8E0B4140845F8F584824C7.highlight.minted

[10])

LaTeX Warning: Reference `fig:stress_level' on page 11 undefined on input line 
117.


Package natbib Warning: Citation `nelson_impact_nodate' on page 11 undefined on
 input line 122.

(./_minted/A66AD260B0A7C5F255392D6E86359E67.highlight.minted)
(./_minted/12FBE94E3554E74EF503F6577ECF43B3.highlight.minted

[11]) (./_minted/947A79787547C1B6DE1D2435004B8A4D.highlight.minted)

Package natbib Warning: Citation `chip_types_2023' on page 12 undefined on inpu
t line 173.

(./_minted/971EAD7EF159A8F6F09B6DC80E42E163.highlight.minted

[12]) (./_minted/BEA3738EE3A4FF8F8B70140DA07FC67F.highlight.minted

[13])

[14] (./_minted/3B148AC8593D42E1D9AF6C528A3D9371.highlight.minted

[15]))

[16]
Chapter FIVE.
(./chapters/modeling.tex
(./_minted/ACB337257FD3A49FD307536246548957.highlight.minted)

[17

] (./_minted/60EF21EA0B208113B4CEFD5CD6621E6D.highlight.minted)
(./_minted/A2F11BAE1DA1590DEC4238A9F22C207F.highlight.minted

[18]) (./_minted/268687C9637EC52FC6A323FA8BB7119B.highlight.minted)
(./_minted/C67E4829225CB7BF892A5ECAA67240DE.highlight.minted))

[19]
Chapter Many.
(./chapters/conclusion.tex)

[20

]
Chapter Many.
(./chapters/visualization.tex
<images/data_shape.png, id=391, 774.895pt x 178.6675pt>
File: images/data_shape.png Graphic file (type png)
<use images/data_shape.png>
Package pdftex.def Info: images/data_shape.png  used on input line 4.
(pdftex.def)             Requested size: 426.79134pt x 98.40645pt.
<images/data_head.png, id=393, 1212.53pt x 253.94875pt>
File: images/data_head.png Graphic file (type png)
<use images/data_head.png>
Package pdftex.def Info: images/data_head.png  used on input line 11.
(pdftex.def)             Requested size: 426.79134pt x 89.38713pt.
<images/data_tail.png, id=394, 1206.5075pt x 251.94125pt>
File: images/data_tail.png Graphic file (type png)
<use images/data_tail.png>
Package pdftex.def Info: images/data_tail.png  used on input line 18.
(pdftex.def)             Requested size: 426.79134pt x 89.11876pt.
<images/total_null_values.png, id=395, 785.93625pt x 182.6825pt>
File: images/total_null_values.png Graphic file (type png)
<use images/total_null_values.png>
Package pdftex.def Info: images/total_null_values.png  used on input line 27.
(pdftex.def)             Requested size: 426.79134pt x 99.20457pt.
<images/null_values_dist.png, id=396, 387.4475pt x 506.89375pt>
File: images/null_values_dist.png Graphic file (type png)
<use images/null_values_dist.png>
Package pdftex.def Info: images/null_values_dist.png  used on input line 33.
(pdftex.def)             Requested size: 426.79134pt x 558.37378pt.


[21

 <./images/data_shape.png> <./images/data_head.png> <./images/data_tail.png> <.
/images/total_null_values.png>]
<images/duplicate_values.png, id=405, 662.475pt x 155.58125pt>
File: images/duplicate_values.png Graphic file (type png)
<use images/duplicate_values.png>
Package pdftex.def Info: images/duplicate_values.png  used on input line 40.
(pdftex.def)             Requested size: 426.79134pt x 100.23161pt.
<images/gender_dist.png, id=406, 563.10374pt x 497.86pt>
File: images/gender_dist.png Graphic file (type png)
<use images/gender_dist.png>
Package pdftex.def Info: images/gender_dist.png  used on input line 46.
(pdftex.def)             Requested size: 426.79134pt x 377.34438pt.
<images/student_age_dist.png, id=407, 427.5975pt x 484.81125pt>
File: images/student_age_dist.png Graphic file (type png)
<use images/student_age_dist.png>
Package pdftex.def Info: images/student_age_dist.png  used on input line 52.
(pdftex.def)             Requested size: 426.79134pt x 483.90015pt.

Underfull \vbox (badness 10000) has occurred while \output is active []



[22 <./images/duplicate_values.png> <./images/gender_dist.png>]

[23 <./images/null_values_dist.png>]
<images/department_dist.png, id=421, 457.71pt x 483.8075pt>
File: images/department_dist.png Graphic file (type png)
<use images/department_dist.png>
Package pdftex.def Info: images/department_dist.png  used on input line 58.
(pdftex.def)             Requested size: 426.79134pt x 451.13965pt.

Underfull \vbox (badness 10000) has occurred while \output is active []



[24 <./images/student_age_dist.png>]
<images/stud_home_internet.png, id=427, 430.60875pt x 333.245pt>
File: images/stud_home_internet.png Graphic file (type png)
<use images/stud_home_internet.png>
Package pdftex.def Info: images/stud_home_internet.png  used on input line 64.
(pdftex.def)             Requested size: 426.79134pt x 330.3pt.
File: images/student_age_dist.png Graphic file (type png)
<use images/student_age_dist.png>
Package pdftex.def Info: images/student_age_dist.png  used on input line 69.
(pdftex.def)             Requested size: 426.79134pt x 483.90015pt.

Underfull \vbox (badness 10000) has occurred while \output is active []



[25 <./images/department_dist.png>]
<images/parent_edu.png, id=432, 474.77374pt x 368.37625pt>
File: images/parent_edu.png Graphic file (type png)
<use images/parent_edu.png>
Package pdftex.def Info: images/parent_edu.png  used on input line 74.
(pdftex.def)             Requested size: 426.79134pt x 331.15894pt.

Underfull \vbox (badness 10000) has occurred while \output is active []



[26 <./images/stud_home_internet.png>]
Underfull \vbox (badness 10000) has occurred while \output is active []



[27]
<images/extra_curricular.png, id=441, 474.77374pt x 358.33875pt>
File: images/extra_curricular.png Graphic file (type png)
<use images/extra_curricular.png>
Package pdftex.def Info: images/extra_curricular.png  used on input line 81.
(pdftex.def)             Requested size: 426.79134pt x 322.13554pt.
<images/stud_grade.png, id=442, 462.72874pt x 316.18124pt>
File: images/stud_grade.png Graphic file (type png)
<use images/stud_grade.png>
Package pdftex.def Info: images/stud_grade.png  used on input line 87.
(pdftex.def)             Requested size: 426.79134pt x 291.62842pt.


[28 <./images/parent_edu.png> <./images/extra_curricular.png>]
<images/gender_grade_nums.png, id=448, 149.55875pt x 86.3225pt>
File: images/gender_grade_nums.png Graphic file (type png)
<use images/gender_grade_nums.png>
Package pdftex.def Info: images/gender_grade_nums.png  used on input line 94.
(pdftex.def)             Requested size: 426.79134pt x 246.37988pt.
<images/gender_grade_fig.png, id=449, 513.92pt x 364.36125pt>
File: images/gender_grade_fig.png Graphic file (type png)
<use images/gender_grade_fig.png>
Package pdftex.def Info: images/gender_grade_fig.png  used on input line 101.
(pdftex.def)             Requested size: 426.79134pt x 302.5921pt.

Underfull \vbox (badness 10000) has occurred while \output is active []



[29 <./images/stud_grade.png> <./images/gender_grade_nums.png>]
<images/attendance_grade.png, id=454, 534.99875pt x 368.37625pt>
File: images/attendance_grade.png Graphic file (type png)
<use images/attendance_grade.png>
Package pdftex.def Info: images/attendance_grade.png  used on input line 110.
(pdftex.def)             Requested size: 426.79134pt x 293.88072pt.
<images/assignment_score_grade_dist.png, id=455, 741.77126pt x 516.93124pt>
File: images/assignment_score_grade_dist.png Graphic file (type png)
<use images/assignment_score_grade_dist.png>
Package pdftex.def Info: images/assignment_score_grade_dist.png  used on input 
line 116.
(pdftex.def)             Requested size: 426.79134pt x 297.43034pt.

Underfull \vbox (badness 10000) has occurred while \output is active []



[30 <./images/gender_grade_fig.png> <./images/attendance_grade.png>]
<images/parent_edu_grade.png, id=460, 726.715pt x 488.82625pt>
File: images/parent_edu_grade.png Graphic file (type png)
<use images/parent_edu_grade.png>
Package pdftex.def Info: images/parent_edu_grade.png  used on input line 125.
(pdftex.def)             Requested size: 426.79134pt x 287.08476pt.
<images/best_model.png, id=461, 447.6725pt x 574.145pt>
File: images/best_model.png Graphic file (type png)
<use images/best_model.png>
Package pdftex.def Info: images/best_model.png  used on input line 131.
(pdftex.def)             Requested size: 426.79134pt x 547.37955pt.
)
Underfull \vbox (badness 10000) has occurred while \output is active []



[31 <./images/assignment_score_grade_dist.png> <./images/parent_edu_grade.png>]


[32 <./images/best_model.png>] (./chapters/appendix.tex

Package caption Warning: \setcaptiontype
(caption)                outside box or environment on input line 2.
See the caption package documentation for explanation.


Package caption Warning: The option `hypcap=true' will be ignored for this
(caption)                particular \caption on input line 2.
See the caption package documentation for explanation.

Package hyperref Info: bookmark level for unknown listing defaults to 0 on inpu
t line 2.
(./_minted/7EB0568928CF32ACB076B3FA324FD850.highlight.minted)

Package caption Warning: The option `hypcap=true' will be ignored for this
(caption)                particular \caption on input line 21.
See the caption package documentation for explanation.

(./_minted/1076815BDD84CCF51A3EBBB8CB7C2C45.highlight.minted
Overfull \hbox (291.41661pt too wide) in paragraph at lines 7--7
\T1/cmtt/m/it/12 https://www.mastersportal.com/articles/2290/how[]to[]convert[]
uk[]grades[]for[]masters[]degrees[]in[]other[]countries.html[]|  
 []



[33

])

Package caption Warning: The option `hypcap=true' will be ignored for this
(caption)                particular \caption on input line 65.
See the caption package documentation for explanation.

(./_minted/F554459B43E8200787E6080179703401.highlight.minted)

Package caption Warning: The option `hypcap=true' will be ignored for this
(caption)                particular \caption on input line 75.
See the caption package documentation for explanation.

(./_minted/28DC3EE536DAC2E652155129F70829A2.highlight.minted)

Package caption Warning: The option `hypcap=true' will be ignored for this
(caption)                particular \caption on input line 82.
See the caption package documentation for explanation.

(./_minted/57EDC54F416613771B795372E6913FE1.highlight.minted)

Package caption Warning: The option `hypcap=true' will be ignored for this
(caption)                particular \caption on input line 89.
See the caption package documentation for explanation.

(./_minted/57EDC54F416613771B795372E6913FE1.highlight.minted)

Package caption Warning: The option `hypcap=true' will be ignored for this
(caption)                particular \caption on input line 97.
See the caption package documentation for explanation.

(./_minted/C311B339304F74AAC9A112DC417EA9A3.highlight.minted)

Package caption Warning: The option `hypcap=true' will be ignored for this
(caption)                particular \caption on input line 108.
See the caption package documentation for explanation.



[34] (./_minted/B5FFCF41EFDBE64EBD06E56A3743ADFD.highlight.minted)

Package caption Warning: The option `hypcap=true' will be ignored for this
(caption)                particular \caption on input line 117.
See the caption package documentation for explanation.

(./_minted/2BF4365C5250F00326435DA749379E90.highlight.minted)

Package caption Warning: The option `hypcap=true' will be ignored for this
(caption)                particular \caption on input line 125.
See the caption package documentation for explanation.

(./_minted/AA5949A1AE41F2EEC581164712D699C7.highlight.minted)

Package caption Warning: The option `hypcap=true' will be ignored for this
(caption)                particular \caption on input line 142.
See the caption package documentation for explanation.

(./_minted/BBE858A34506323B993424B008F6A0AB.highlight.minted)

Package caption Warning: The option `hypcap=true' will be ignored for this
(caption)                particular \caption on input line 150.
See the caption package documentation for explanation.

(./_minted/81BC6275A61447D778A3BEC87082C74B.highlight.minted)

Package caption Warning: The option `hypcap=true' will be ignored for this
(caption)                particular \caption on input line 157.
See the caption package documentation for explanation.

(./_minted/E88C012051A82C26F1D6F9DF2B5FBC63.highlight.minted)

Package caption Warning: The option `hypcap=true' will be ignored for this
(caption)                particular \caption on input line 165.
See the caption package documentation for explanation.



[35] (./_minted/54848B8C3B5BA6167F32A96043B6F128.highlight.minted)

Package caption Warning: The option `hypcap=true' will be ignored for this
(caption)                particular \caption on input line 172.
See the caption package documentation for explanation.

(./_minted/E261B888396C51D4E4D69FB9B74BEFCC.highlight.minted)

Package caption Warning: The option `hypcap=true' will be ignored for this
(caption)                particular \caption on input line 182.
See the caption package documentation for explanation.

(./_minted/A1AA152F96EBA5BF5FFBA4E93756456E.highlight.minted)

Package caption Warning: The option `hypcap=true' will be ignored for this
(caption)                particular \caption on input line 200.
See the caption package documentation for explanation.

(./_minted/F0602182EDE3989CE4A3B12A95CB1C94.highlight.minted

[36])

Package caption Warning: The option `hypcap=true' will be ignored for this
(caption)                particular \caption on input line 220.
See the caption package documentation for explanation.

(./_minted/8F1B16D0A6C4756AEB64D84F6A936A30.highlight.minted)

Package caption Warning: The option `hypcap=true' will be ignored for this
(caption)                particular \caption on input line 237.
See the caption package documentation for explanation.

(./_minted/9CA8DCC22529DF6ED929829D91D47A21.highlight.minted)

Package caption Warning: The option `hypcap=true' will be ignored for this
(caption)                particular \caption on input line 250.
See the caption package documentation for explanation.

(./_minted/0275AC691B77748BD8F28ADBE4A25BE8.highlight.minted)

Package caption Warning: The option `hypcap=true' will be ignored for this
(caption)                particular \caption on input line 263.
See the caption package documentation for explanation.

(./_minted/5BA685376957BB5EA5D84DFF0522B633.highlight.minted

[37])

Package caption Warning: The option `hypcap=true' will be ignored for this
(caption)                particular \caption on input line 277.
See the caption package documentation for explanation.

(./_minted/B0C860B2DF871C76076F9322BA21CC74.highlight.minted)

Package caption Warning: The option `hypcap=true' will be ignored for this
(caption)                particular \caption on input line 292.
See the caption package documentation for explanation.

(./_minted/B52847BA5FE585B7BF3B06239C240888.highlight.minted)

Package caption Warning: The option `hypcap=true' will be ignored for this
(caption)                particular \caption on input line 309.
See the caption package documentation for explanation.

(./_minted/3ECF07D13B65401B0ACB418199782EA8.highlight.minted

[38])

Package caption Warning: The option `hypcap=true' will be ignored for this
(caption)                particular \caption on input line 326.
See the caption package documentation for explanation.

(./_minted/A66AD260B0A7C5F255392D6E86359E67.highlight.minted)

Package caption Warning: The option `hypcap=true' will be ignored for this
(caption)                particular \caption on input line 341.
See the caption package documentation for explanation.

(./_minted/12FBE94E3554E74EF503F6577ECF43B3.highlight.minted)

Package caption Warning: The option `hypcap=true' will be ignored for this
(caption)                particular \caption on input line 356.
See the caption package documentation for explanation.

(./_minted/ABBF9EA06CE4C3AEA25259B7A485B68E.highlight.minted

[39])

Package caption Warning: The option `hypcap=true' will be ignored for this
(caption)                particular \caption on input line 372.
See the caption package documentation for explanation.

(./_minted/54D71A5E770C92639DC00620928D617F.highlight.minted)

Package caption Warning: The option `hypcap=true' will be ignored for this
(caption)                particular \caption on input line 393.
See the caption package documentation for explanation.

(./_minted/DC3F212DF5BEAD085396A673767E87FA.highlight.minted

[40])

Package caption Warning: The option `hypcap=true' will be ignored for this
(caption)                particular \caption on input line 446.
See the caption package documentation for explanation.

(./_minted/ECE73A422B1C0E1F645E7CA721674CC1.highlight.minted

[41])

Package caption Warning: The option `hypcap=true' will be ignored for this
(caption)                particular \caption on input line 504.
See the caption package documentation for explanation.

(./_minted/62E64B3324F0F90AC1DBA3F97FDE9C93.highlight.minted

[42]
Underfull \vbox (badness 10000) has occurred while \output is active []



[43])

Package caption Warning: The option `hypcap=true' will be ignored for this
(caption)                particular \caption on input line 561.
See the caption package documentation for explanation.

(./_minted/3A6884DD12EDB2EC47EAD15400D6363B.highlight.minted

[44])

Package caption Warning: The option `hypcap=true' will be ignored for this
(caption)                particular \caption on input line 619.
See the caption package documentation for explanation.

(./_minted/B230EA96CC3373D066C79A693692B45F.highlight.minted
Overfull \hbox (11.52663pt too wide) in paragraph at lines 3--3
\T1/cmtt/m/n/12 pd[].[]cut(np[].[]array([]list[](stud_record_updated[[]\TS1/cmt
t/bx/it/12 '[][]\T1/cmtt/m/n/12 study_hours_per_week[][]\TS1/cmtt/bx/it/12 '[]\
T1/cmtt/m/n/12 ])), 
 []



[45])

Package caption Warning: The option `hypcap=true' will be ignored for this
(caption)                particular \caption on input line 672.
See the caption package documentation for explanation.

(./_minted/F727338DA98157B268D28DA569716727.highlight.minted

[46])

Package caption Warning: The option `hypcap=true' will be ignored for this
(caption)                particular \caption on input line 704.
See the caption package documentation for explanation.

(./_minted/BA0470A92B9E10EAC4D7A4AB0AFD7BFF.highlight.minted)

Package caption Warning: The option `hypcap=true' will be ignored for this
(caption)                particular \caption on input line 718.
See the caption package documentation for explanation.

(./_minted/A2F11BAE1DA1590DEC4238A9F22C207F.highlight.minted)

Package caption Warning: The option `hypcap=true' will be ignored for this
(caption)                particular \caption on input line 733.
See the caption package documentation for explanation.

(./_minted/268687C9637EC52FC6A323FA8BB7119B.highlight.minted

[47])

Package caption Warning: The option `hypcap=true' will be ignored for this
(caption)                particular \caption on input line 747.
See the caption package documentation for explanation.

(./_minted/4B6486C16B98D0598F798C602C57D865.highlight.minted)

Package caption Warning: The option `hypcap=true' will be ignored for this
(caption)                particular \caption on input line 759.
See the caption package documentation for explanation.

(./_minted/9021BF9C0130B2C5F63B7D21E9AB882E.highlight.minted))
No file main.bbl.

Package natbib Warning: There were undefined citations.



[48] (./main.aux
Package cleveref Info: loaded `english' language definitions on input line 7.
)
 ***********
LaTeX2e <2024-11-01> patch level 2
L3 programming layer <2025-01-18>
 ***********


LaTeX Font Warning: Some font shapes were not available, defaults substituted.


LaTeX Warning: There were undefined references.


LaTeX Warning: There were multiply-defined labels.

Package rerunfilecheck Info: File `main.out' has not changed.
(rerunfilecheck)             Checksum: 676C3293C828BF5A0FB0EEE69097651D;7385.
 ) 
Here is how much of TeX's memory you used:
 20116 strings out of 475135
 405146 string characters out of 5765399
 911863 words of memory out of 5000000
 42524 multiletter control sequences out of 15000+600000
 572148 words of font info for 62 fonts, out of 8000000 for 9000
 36 hyphenation exceptions out of 8191
 85i,11n,93p,723b,1038s stack positions out of 10000i,1000n,20000p,200000b,200000s
 </home/njoku/.texlive2025/texmf-var/fonts/pk/ljfour/jknappen/ec/tcrm1200.600
pk> </home/njoku/.texlive2025/texmf-var/fonts/pk/ljfour/jknappen/ec/ecbx1440.60
0pk> </home/njoku/.texlive2025/texmf-var/fonts/pk/ljfour/jknappen/ec/tctt1200.6
00pk> </home/njoku/.texlive2025/texmf-var/fonts/pk/ljfour/jknappen/ec/ectt1200.
600pk> </home/njoku/.texlive2025/texmf-var/fonts/pk/ljfour/jknappen/ec/ecit1200
.600pk> </home/njoku/.texlive2025/texmf-var/fonts/pk/ljfour/jknappen/ec/ecbx172
8.600pk> </home/njoku/.texlive2025/texmf-var/fonts/pk/ljfour/jknappen/ec/ecrm12
00.600pk> </home/njoku/.texlive2025/texmf-var/fonts/pk/ljfour/jknappen/ec/ecbx1
200.600pk> </home/njoku/.texlive2025/texmf-var/fonts/pk/ljfour/jknappen/ec/ecxc
2074.600pk> </home/njoku/.texlive2025/texmf-var/fonts/pk/ljfour/jknappen/ec/ecr
m2488.600pk> </home/njoku/.texlive2025/texmf-var/fonts/pk/ljfour/jknappen/ec/ec
bx2488.600pk></usr/share/texlive/texmf-dist/fonts/type1/public/amsfonts/cm/cmmi
6.pfb></usr/share/texlive/texmf-dist/fonts/type1/public/amsfonts/cm/cmsy6.pfb>
Output written on main.pdf (51 pages, 601025 bytes).
PDF statistics:
 1133 PDF objects out of 1200 (max. 8388607)
 578 compressed objects within 6 object streams
 184 named destinations out of 1000 (max. 500000)
 440 words of extra memory for PDF output out of 10000 (max. 10000000)

