This is pdfTeX, Version 3.141592653-2.6-1.40.27 (TeX Live 2025) (preloaded format=pdflatex 2025.3.14)  17 MAR 2025 01:01
entering extended mode
 restricted \write18 enabled.
 %&-line parsing enabled.
**titlepage.tex
(./titlepage.tex
LaTeX2e <2024-11-01> patch level 2
L3 programming layer <2025-01-18>

! LaTeX Error: Environment titlepage undefined.

See the LaTeX manual or LaTeX Companion for explanation.
Type  H <return>  for immediate help.
 ...                                              
                                                  
l.1 	\begin{titlepage}
                      
Your command was ignored.
Type  I <command> <return>  to replace it with another command,
or  <return>  to continue without it.


! LaTeX Error: Missing \begin{document}.

See the LaTeX manual or LaTeX Companion for explanation.
Type  H <return>  for immediate help.
 ...                                              
                                                  
l.2 	\begin{center}
                   
You're in trouble here.  Try typing  <return>  to proceed.
If that doesn't work, type  X <return>  to quit.


Overfull \hbox (20.0pt too wide) in paragraph at lines 2--2
[] 
 []


Overfull \hbox (300.0pt too wide) in paragraph at lines 3--3
 | 
 []

! Undefined control sequence.
l.5 		\huge
           {\bfseries Data Mining Processes and Techniques}\\
The control sequence at the end of the top line
of your error message was never \def'ed. If you have
misspelled it (e.g., `\hobx'), type `I' and the correct
spelling (e.g., `I\hbox'). Otherwise just continue,
and I'll forget about whatever was undefined.


Overfull \hbox (24.47205pt too wide) in paragraph at lines 5--5
 []\OT1/cmr/bx/n/10 Data 
 []


Overfull \hbox (24.3332pt too wide) in paragraph at lines 5--5
 \OT1/cmr/bx/n/10 Min- 
 []


Overfull \hbox (15.33325pt too wide) in paragraph at lines 5--5
 \OT1/cmr/bx/n/10 ing 
 []


Overfull \hbox (22.18045pt too wide) in paragraph at lines 5--5
 \OT1/cmr/bx/n/10 Pro- 
 []


Overfull \hbox (29.26093pt too wide) in paragraph at lines 5--5
 \OT1/cmr/bx/n/10 cesses 
 []


Overfull \hbox (18.36794pt too wide) in paragraph at lines 5--5
 \OT1/cmr/bx/n/10 and 
 []


Overfull \hbox (27.32625pt too wide) in paragraph at lines 5--5
 \OT1/cmr/bx/n/10 Tech- 
 []


Overfull \hbox (31.84843pt too wide) in paragraph at lines 5--5
 \OT1/cmr/bx/n/10 niques 
 []


Overfull \hbox (200.0pt too wide) in paragraph at lines 7--7
 []| 
 []

Missing character: There is no B in font nullfont!
Missing character: There is no y in font nullfont!
! Undefined control sequence.
<recently read> \LARGE 
                       
l.11 ...\LARGE \bfseries Eng. Ifeanyichukwu Okoli}
                                                  \\
The control sequence at the end of the top line
of your error message was never \def'ed. If you have
misspelled it (e.g., `\hobx'), type `I' and the correct
spelling (e.g., `I\hbox'). Otherwise just continue,
and I'll forget about whatever was undefined.


LaTeX Font Warning: Font shape `OT1/cmr/bx/sc' undefined
(Font)              using `OT1/cmr/bx/n' instead on input line 11.


Overfull \hbox (22.88876pt too wide) in paragraph at lines 11--11
 []\OT1/cmr/bx/n/10 Eng. 
 []


Overfull \hbox (72.08293pt too wide) in paragraph at lines 11--11
 \OT1/cmr/bx/n/10 Ifeanyichukwu 
 []


Overfull \hbox (26.52763pt too wide) in paragraph at lines 11--11
 \OT1/cmr/bx/n/10 Okoli 
 []

! Undefined control sequence.
<recently read> \LARGE 
                       
l.12 		\textsc{\LARGE \bfseries 1234567789}
                                           \\
The control sequence at the end of the top line
of your error message was never \def'ed. If you have
misspelled it (e.g., `\hobx'), type `I' and the correct
spelling (e.g., `I\hbox'). Otherwise just continue,
and I'll forget about whatever was undefined.


Overfull \hbox (57.4997pt too wide) in paragraph at lines 12--12
 []\OT1/cmr/bx/sc/10 1234567789 
 []


Overfull \hbox (60.6733pt too wide) in paragraph at lines 14--14
 []\OT1/cmr/bx/sc/10 Department 
 []


Overfull \hbox (9.26384pt too wide) in paragraph at lines 14--14
 \OT1/cmr/bx/sc/10 of 
 []


Overfull \hbox (27.47208pt too wide) in paragraph at lines 14--14
 \OT1/cmr/bx/sc/10 Com- 
 []


Overfull \hbox (27.25682pt too wide) in paragraph at lines 14--14
 \OT1/cmr/bx/sc/10 puter 
 []


Overfull \hbox (18.52768pt too wide) in paragraph at lines 14--14
 \OT1/cmr/bx/sc/10 Sci- 
 []


Overfull \hbox (22.04156pt too wide) in paragraph at lines 14--14
 \OT1/cmr/bx/sc/10 ence 
 []


Overfull \hbox (10.74994pt too wide) in paragraph at lines 15--15
 []\OT1/cmr/bx/sc/10 In 
 []


Overfull \hbox (20.5485pt too wide) in paragraph at lines 15--15
 \OT1/cmr/bx/sc/10 par- 
 []


Overfull \hbox (16.45128pt too wide) in paragraph at lines 15--15
 \OT1/cmr/bx/sc/10 tial 
 []


Overfull \hbox (16.93047pt too wide) in paragraph at lines 15--15
 \OT1/cmr/bx/sc/10 ful- 
 []


Overfull \hbox (16.61102pt too wide) in paragraph at lines 15--15
 \OT1/cmr/bx/sc/10 fill- 
 []


Overfull \hbox (25.3957pt too wide) in paragraph at lines 15--15
 \OT1/cmr/bx/sc/10 ment 
 []


Overfull \hbox (13.99994pt too wide) in paragraph at lines 15--15
 \OT1/cmr/bx/sc/10 for 
 []


Overfull \hbox (16.13187pt too wide) in paragraph at lines 15--15
 \OT1/cmr/bx/sc/10 the 
 []


Overfull \hbox (29.97203pt too wide) in paragraph at lines 15--15
 \OT1/cmr/bx/sc/10 award 
 []


Overfull \hbox (9.26384pt too wide) in paragraph at lines 15--15
 \OT1/cmr/bx/sc/10 of 
 []


Overfull \hbox (24.87622pt too wide) in paragraph at lines 15--15
 \OT1/cmr/bx/sc/10 Mas- 
 []


Overfull \hbox (22.20961pt too wide) in paragraph at lines 15--15
 \OT1/cmr/bx/sc/10 ter's 
 []


Overfull \hbox (17.92352pt too wide) in paragraph at lines 15--15
 \OT1/cmr/bx/sc/10 De- 
 []


Overfull \hbox (21.0277pt too wide) in paragraph at lines 15--15
 \OT1/cmr/bx/sc/10 gree 
 []


Overfull \hbox (37.7498pt too wide) in paragraph at lines 15--15
 \OT1/cmr/bx/sc/10 (M.Sc.) 
 []


Overfull \hbox (9.58328pt too wide) in paragraph at lines 15--15
 \OT1/cmr/bx/sc/10 in 
 []


Overfull \hbox (27.47208pt too wide) in paragraph at lines 15--15
 \OT1/cmr/bx/sc/10 Com- 
 []


Overfull \hbox (27.25682pt too wide) in paragraph at lines 15--15
 \OT1/cmr/bx/sc/10 puter 
 []


Overfull \hbox (18.52768pt too wide) in paragraph at lines 15--15
 \OT1/cmr/bx/sc/10 Sci- 
 []


Overfull \hbox (22.04156pt too wide) in paragraph at lines 15--15
 \OT1/cmr/bx/sc/10 ence 
 []


Overfull \hbox (32.42343pt too wide) in paragraph at lines 17--17
 []\OT1/cmr/bx/sc/10 March 
 []


Overfull \hbox (14.69437pt too wide) in paragraph at lines 17--17
 \OT1/cmr/bx/sc/10 12, 
 []


Overfull \hbox (22.99988pt too wide) in paragraph at lines 17--17
 \OT1/cmr/bx/sc/10 2025 
 []


! LaTeX Error: \begin{document} ended by \end{titlepage}.

See the LaTeX manual or LaTeX Companion for explanation.
Type  H <return>  for immediate help.
 ...                                              
                                                  
l.21 \end{titlepage}
                    
Your command was ignored.
Type  I <command> <return>  to replace it with another command,
or  <return>  to continue without it.

)
! Emergency stop.
<*> titlepage.tex
                 
*** (job aborted, no legal \end found)

 
Here is how much of TeX's memory you used:
 28 strings out of 473190
 573 string characters out of 5715806
 393984 words of memory out of 5000000
 23379 multiletter control sequences out of 15000+600000
 559446 words of font info for 38 fonts, out of 8000000 for 9000
 1141 hyphenation exceptions out of 8191
 19i,1n,21p,137b,151s stack positions out of 10000i,1000n,20000p,200000b,200000s
!  ==> Fatal error occurred, no output PDF file produced!
